# JRE version: Java(TM) SE Runtime Environment (9.0+11) (build 9.0.4+11)
# Java VM: Java HotSpot(TM) 64-Bit Server VM (9.0.4+11, mixed mode, tiered, compressed oops, g1 gc, windows-amd64)
Heap:
 garbage-first heap   total 157696K, used 88300K [0x0000000700000000, 0x00000007001004d0, 0x00000007c0000000)
  region size 1024K, 17 young (17408K), 2 survivors (2048K)
 Metaspace       used 80688K, capacity 83299K, committed 88576K, reserved 1126400K
  class space    used 10698K, capacity 11230K, committed 12288K, reserved 1048576K
GC Heap History (10 events):
Event: 3137.370 GC heap before
{Heap before GC invocations=205 (full 5):
 garbage-first heap   total 157696K, used 132833K [0x0000000700000000, 0x00000007001004d0, 0x00000007c0000000)
  region size 1024K, 60 young (61440K), 2 survivors (2048K)
 Metaspace       used 80633K, capacity 83235K, committed 88576K, reserved 1126400K
  class space    used 10698K, capacity 11230K, committed 12288K, reserved 1048576K
}
Event: 3137.373 GC heap after
{Heap after GC invocations=206 (full 5):
 garbage-first heap   total 157696K, used 73604K [0x0000000700000000, 0x00000007001004d0, 0x00000007c0000000)
  region size 1024K, 2 young (2048K), 2 survivors (2048K)
 Metaspace       used 80633K, capacity 83235K, committed 88576K, reserved 1126400K
  class space    used 10698K, capacity 11230K, committed 12288K, reserved 1048576K
}
Event: 3146.975 GC heap before
{Heap before GC invocations=206 (full 5):
 garbage-first heap   total 157696K, used 132996K [0x0000000700000000, 0x00000007001004d0, 0x00000007c0000000)
  region size 1024K, 60 young (61440K), 2 survivors (2048K)
 Metaspace       used 80658K, capacity 83235K, committed 88576K, reserved 1126400K
  class space    used 10698K, capacity 11230K, committed 12288K, reserved 1048576K
}
Event: 3146.978 GC heap after
{Heap after GC invocations=207 (full 5):
 garbage-first heap   total 157696K, used 73700K [0x0000000700000000, 0x00000007001004d0, 0x00000007c0000000)
  region size 1024K, 2 young (2048K), 2 survivors (2048K)
 Metaspace       used 80658K, capacity 83235K, committed 88576K, reserved 1126400K
  class space    used 10698K, capacity 11230K, committed 12288K, reserved 1048576K
}
Event: 3154.962 GC heap before
{Heap before GC invocations=208 (full 5):
 garbage-first heap   total 157696K, used 133092K [0x0000000700000000, 0x00000007001004d0, 0x00000007c0000000)
  region size 1024K, 60 young (61440K), 2 survivors (2048K)
 Metaspace       used 80670K, capacity 83235K, committed 88576K, reserved 1126400K
  class space    used 10698K, capacity 11230K, committed 12288K, reserved 1048576K
}
Event: 3154.964 GC heap after
{Heap after GC invocations=209 (full 5):
 garbage-first heap   total 157696K, used 73706K [0x0000000700000000, 0x00000007001004d0, 0x00000007c0000000)
  region size 1024K, 2 young (2048K), 2 survivors (2048K)
 Metaspace       used 80670K, capacity 83235K, committed 88576K, reserved 1126400K
  class space    used 10698K, capacity 11230K, committed 12288K, reserved 1048576K
}
Event: 3186.697 GC heap before
{Heap before GC invocations=209 (full 5):
 garbage-first heap   total 157696K, used 133098K [0x0000000700000000, 0x00000007001004d0, 0x00000007c0000000)
  region size 1024K, 60 young (61440K), 2 survivors (2048K)
 Metaspace       used 80685K, capacity 83299K, committed 88576K, reserved 1126400K
  class space    used 10698K, capacity 11230K, committed 12288K, reserved 1048576K
}
Event: 3186.701 GC heap after
{Heap after GC invocations=210 (full 5):
 garbage-first heap   total 157696K, used 73714K [0x0000000700000000, 0x00000007001004d0, 0x00000007c0000000)
  region size 1024K, 2 young (2048K), 2 survivors (2048K)
 Metaspace       used 80685K, capacity 83299K, committed 88576K, reserved 1126400K
  class space    used 10698K, capacity 11230K, committed 12288K, reserved 1048576K
}
Event: 3258.308 GC heap before
{Heap before GC invocations=211 (full 5):
 garbage-first heap   total 157696K, used 133106K [0x0000000700000000, 0x00000007001004d0, 0x00000007c0000000)
  region size 1024K, 60 young (61440K), 2 survivors (2048K)
 Metaspace       used 80687K, capacity 83299K, committed 88576K, reserved 1126400K
  class space    used 10698K, capacity 11230K, committed 12288K, reserved 1048576K
}
Event: 3258.311 GC heap after
{Heap after GC invocations=212 (full 5):
 garbage-first heap   total 157696K, used 73964K [0x0000000700000000, 0x00000007001004d0, 0x00000007c0000000)
  region size 1024K, 2 young (2048K), 2 survivors (2048K)
 Metaspace       used 80687K, capacity 83299K, committed 88576K, reserved 1126400K
  class space    used 10698K, capacity 11230K, committed 12288K, reserved 1048576K
}

